[debug] [2023-02-26T09:49:29.407Z] ----------------------------------------------------------------------
[debug] [2023-02-26T09:49:29.414Z] Command:       C:\Program Files\nodejs\node.exe C:\Users\shikhar\AppData\Roaming\npm\node_modules\firebase-tools\lib\bin\firebase.js init hosting
[debug] [2023-02-26T09:49:29.416Z] CLI Version:   11.24.0
[debug] [2023-02-26T09:49:29.417Z] Platform:      win32
[debug] [2023-02-26T09:49:29.417Z] Node Version:  v16.15.1
[debug] [2023-02-26T09:49:29.420Z] Time:          Sun Feb 26 2023 15:19:29 GMT+0530 (India Standard Time)
[debug] [2023-02-26T09:49:29.421Z] ----------------------------------------------------------------------
[debug] 
[debug] [2023-02-26T09:49:29.632Z] > command requires scopes: ["email","openid","https://www.googleapis.com/auth/cloudplatformprojects.readonly","https://www.googleapis.com/auth/firebase","https://www.googleapis.com/auth/cloud-platform"]
[debug] [2023-02-26T09:49:29.633Z] > authorizing via signed-in user (shikharraj921@gmail.com)
[info] 
     ######## #### ########  ######## ########     ###     ######  ########
     ##        ##  ##     ## ##       ##     ##  ##   ##  ##       ##
     ######    ##  ########  ######   ########  #########  ######  ######
     ##        ##  ##    ##  ##       ##     ## ##     ##       ## ##
     ##       #### ##     ## ######## ########  ##     ##  ######  ########

You're about to initialize a Firebase project in this directory:

  E:\LinkedIn-Clone\linkedin

Before we get started, keep in mind:

  * You are initializing within an existing Firebase project directory

[info] 
=== Project Setup
[info] 
[info] First, let's associate this project directory with a Firebase project.
[info] You can create multiple project aliases by running firebase use --add, 
[info] but for now we'll just set up a default project.
[info] 
[debug] [2023-02-26T09:49:32.166Z] Using project from CLI flag: linkedin-clone-8ad3f
[debug] [2023-02-26T09:49:32.176Z] >>> [apiv2][query] GET https://firebase.googleapis.com/v1beta1/projects/linkedin-clone-8ad3f [none]
[debug] [2023-02-26T09:49:32.667Z] <<< [apiv2][status] GET https://firebase.googleapis.com/v1beta1/projects/linkedin-clone-8ad3f 200
[debug] [2023-02-26T09:49:32.667Z] <<< [apiv2][body] GET https://firebase.googleapis.com/v1beta1/projects/linkedin-clone-8ad3f {"projectId":"linkedin-clone-8ad3f","projectNumber":"148229977661","displayName":"linkedin-clone","name":"projects/linkedin-clone-8ad3f","resources":{"hostingSite":"linkedin-clone-8ad3f","storageBucket":"linkedin-clone-8ad3f.appspot.com","locationId":"us-central"},"state":"ACTIVE","etag":"1_7b334b12-eef7-4765-aaa9-a6b64c393307"}
[info] i  Using project linkedin-clone-8ad3f (linkedin-clone) 
[info] 
=== Hosting Setup
[info] 
[info] Your public directory is the folder (relative to your project directory) that
[info] will contain Hosting assets to be uploaded with firebase deploy. If you
[info] have a build process for your assets, use your build's output directory.
[info] 
[debug] [2023-02-26T09:50:07.345Z] >>> [apiv2][query] GET https://www.gstatic.com/firebasejs/releases.json [none]
[debug] [2023-02-26T09:50:07.585Z] <<< [apiv2][status] GET https://www.gstatic.com/firebasejs/releases.json 200
[debug] [2023-02-26T09:50:07.585Z] <<< [apiv2][body] GET https://www.gstatic.com/firebasejs/releases.json {"current":{"version":"9.17.1","browserURL":"https://www.gstatic.com/firebasejs/9.17.1/firebase.js","packageURL":"https://www.gstatic.com/firebasejs/9.17.1/firebase.tgz"},"live":{"version":"9.17","browserURL":"https://www.gstatic.com/firebasejs/live/9.17/firebase.js","packageURL":"https://www.gstatic.com/firebasejs/live/9.17/firebase.tgz"},"components":{"analytics":"https://www.gstatic.com/firebasejs/9.17.1/firebase-analytics.js","app":"https://www.gstatic.com/firebasejs/9.17.1/firebase-app.js","app-check":"https://www.gstatic.com/firebasejs/9.17.1/firebase-app-check.js","auth":"https://www.gstatic.com/firebasejs/9.17.1/firebase-auth.js","auth/cordova":"https://www.gstatic.com/firebasejs/9.17.1/firebase-auth/cordova.js","auth/react-native":"https://www.gstatic.com/firebasejs/9.17.1/firebase-auth/react-native.js","functions":"https://www.gstatic.com/firebasejs/9.17.1/firebase-functions.js","firestore":"https://www.gstatic.com/firebasejs/9.17.1/firebase-firestore.js","firestore/lite":"https://www.gstatic.com/firebasejs/9.17.1/firebase-firestore/lite.js","installations":"https://www.gstatic.com/firebasejs/9.17.1/firebase-installations.js","storage":"https://www.gstatic.com/firebasejs/9.17.1/firebase-storage.js","performance":"https://www.gstatic.com/firebasejs/9.17.1/firebase-performance.js","remote-config":"https://www.gstatic.com/firebasejs/9.17.1/firebase-remote-config.js","messaging":"https://www.gstatic.com/firebasejs/9.17.1/firebase-messaging.js","messaging/sw":"https://www.gstatic.com/firebasejs/9.17.1/firebase-messaging/sw.js","database":"https://www.gstatic.com/firebasejs/9.17.1/firebase-database.js","firestore.memory":"https://www.gstatic.com/firebasejs/9.17.1/firebase-firestore.memory.js"}}
[info] +  Wrote public/index.html 
[info] 
[info] i  Detected a .git folder at E:\LinkedIn-Clone\linkedin 
[info] i  Authorizing with GitHub to upload your service account to a GitHub repository's secrets store. 
[info] 
[info] Visit this URL on this device to log in:
[info] https://github.com/login/oauth/authorize?client_id=89cf50f02ac6aaed3484&state=127171722&redirect_uri=http%3A%2F%2Flocalhost%3A9005&scope=read%3Auser%20repo%20public_repo
[info] 
[info] Waiting for authentication...
[debug] [2023-02-26T09:50:10.819Z] >>> [apiv2][query] POST https://github.com/login/oauth/access_token [none]
[debug] [2023-02-26T09:50:10.820Z] >>> [apiv2][body] POST https://github.com/login/oauth/access_token [stream]
[debug] [2023-02-26T09:50:11.176Z] <<< [apiv2][status] POST https://github.com/login/oauth/access_token 200
[debug] [2023-02-26T09:50:11.177Z] <<< [apiv2][body] POST https://github.com/login/oauth/access_token {"access_token":"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","token_type":"bearer","scope":"read:user,repo"}
[debug] [2023-02-26T09:50:11.197Z] >>> [apiv2][query] GET https://api.github.com/user [none]
[debug] [2023-02-26T09:50:11.582Z] <<< [apiv2][status] GET https://api.github.com/user 200
[debug] [2023-02-26T09:50:11.583Z] <<< [apiv2][body] GET https://api.github.com/user {"login":"shikharraj0710","id":93249952,"node_id":"U_kgDOBY7hoA","avatar_url":"https://avatars.githubusercontent.com/u/93249952?v=4","gravatar_id":"","url":"https://api.github.com/users/shikharraj0710","html_url":"https://github.com/shikharraj0710","followers_url":"https://api.github.com/users/shikharraj0710/followers","following_url":"https://api.github.com/users/shikharraj0710/following{/other_user}","gists_url":"https://api.github.com/users/shikharraj0710/gists{/gist_id}","starred_url":"https://api.github.com/users/shikharraj0710/starred{/owner}{/repo}","subscriptions_url":"https://api.github.com/users/shikharraj0710/subscriptions","organizations_url":"https://api.github.com/users/shikharraj0710/orgs","repos_url":"https://api.github.com/users/shikharraj0710/repos","events_url":"https://api.github.com/users/shikharraj0710/events{/privacy}","received_events_url":"https://api.github.com/users/shikharraj0710/received_events","type":"User","site_admin":false,"name":"Shikhar Raj Mishra","company":null,"blog":"http://shikharraj0710.vercel.app","location":"Jamshedpur","email":"shikharraj921@gmail.com","hireable":true,"bio":"Web Developer","twitter_username":null,"public_repos":12,"public_gists":0,"followers":6,"following":6,"created_at":"2021-10-27T08:04:43Z","updated_at":"2023-02-22T11:54:04Z","private_gists":0,"total_private_repos":1,"owned_private_repos":1,"disk_usage":80061,"collaborators":0,"two_factor_authentication":false,"plan":{"name":"free","space":976562499,"collaborators":0,"private_repos":10000}}
[info] 
[info] +  Success! Logged into GitHub as shikharraj0710 
[info] 
